2022-01-07 17:34:06,643 - CRITICAL - Failed Parsing Arguments!: list indices must be integers or slices, not str
2022-01-07 20:06:34,217 - CRITICAL - Failed Parsing Arguments!: list indices must be integers or slices, not str
2022-01-07 20:09:22,776 - CRITICAL - Failed Parsing Arguments!: list indices must be integers or slices, not str
2022-01-07 20:15:50,466 - CRITICAL - Failed Parsing Arguments!: list indices must be integers or slices, not str
2022-01-07 20:20:11,316 - CRITICAL - Failed Parsing Arguments!: list indices must be integers or slices, not str
2022-01-07 20:30:42,610 - CRITICAL - Failed Parsing Arguments!: list indices must be integers or slices, not str
2022-01-07 20:43:24,429 - CRITICAL - Failed Parsing Arguments!: list indices must be integers or slices, not str
2022-01-07 20:47:17,695 - CRITICAL - Failed Parsing Arguments!: list indices must be integers or slices, not str
2022-01-07 20:47:20,558 - CRITICAL - Failed Parsing Arguments!: list indices must be integers or slices, not str
2022-01-07 21:07:49,634 - CRITICAL - Failed Parsing Arguments!: list indices must be integers or slices, not str
2022-01-07 21:10:40,965 - CRITICAL - Failed Parsing Arguments!: Expecting value: line 1 column 2 (char 1)
2022-01-07 21:13:31,754 - CRITICAL - Failed Parsing Arguments!: list indices must be integers or slices, not str
2022-01-07 21:16:26,620 - CRITICAL - Failed Parsing Arguments!: Expecting value: line 1 column 2 (char 1)
2022-01-07 21:17:16,403 - CRITICAL - Failed Parsing Arguments!: Expecting value: line 1 column 2 (char 1)
2022-01-07 21:18:34,134 - CRITICAL - Failed Parsing Arguments!: list indices must be integers or slices, not str
2022-01-07 21:19:21,239 - CRITICAL - Failed Parsing Arguments!: list indices must be integers or slices, not str
2022-01-07 21:19:45,132 - CRITICAL - Failed Parsing Arguments!: list indices must be integers or slices, not str
2022-01-07 21:20:25,189 - CRITICAL - Failed Parsing Arguments!: list indices must be integers or slices, not str
2022-01-07 21:25:12,358 - CRITICAL - Failed Parsing Arguments!: list indices must be integers or slices, not str
2022-01-07 21:28:30,289 - CRITICAL - Failed Parsing Arguments!: Expecting value: line 1 column 2 (char 1)
2022-01-07 21:30:29,667 - CRITICAL - Failed Parsing Arguments!: Expecting value: line 1 column 2 (char 1)
2022-01-07 21:38:26,849 - CRITICAL - Failed Parsing Arguments!: Expecting value: line 1 column 2 (char 1)
2022-01-07 21:38:38,882 - CRITICAL - Failed Parsing Arguments!: Expecting value: line 1 column 2 (char 1)
2022-01-07 21:42:08,073 - CRITICAL - Failed Parsing Arguments!: Expecting value: line 1 column 2 (char 1)
2022-01-07 21:42:44,388 - CRITICAL - Failed Parsing Arguments!: list indices must be integers or slices, not str
2022-01-07 21:43:28,710 - CRITICAL - Failed Parsing Arguments!: list indices must be integers or slices, not str
2022-01-07 21:44:09,311 - CRITICAL - Failed Parsing Arguments!: list indices must be integers or slices, not str
2022-01-07 21:44:45,026 - CRITICAL - Failed to Generate Statement!: 'phone'
2022-01-07 21:54:14,982 - CRITICAL - Failed to Generate Statement!: string indices must be integers
2022-01-07 22:26:31,459 - CRITICAL - Failed to Generate Statement!: string indices must be integers
2022-01-07 22:35:41,396 - CRITICAL - Failed Parsing Arguments!: Expecting value: line 1 column 2 (char 1)
2022-01-07 22:35:50,666 - CRITICAL - Failed Parsing Arguments!: Expecting value: line 1 column 2 (char 1)
2022-01-07 22:35:58,838 - CRITICAL - Failed Parsing Arguments!: Expecting value: line 1 column 2 (char 1)
2022-01-07 22:36:11,065 - CRITICAL - Failed to Generate Statement!: string indices must be integers
2022-01-12 14:17:30,200 - CRITICAL - Failed Parsing Arguments!: list index out of range
2022-05-05 14:35:15,883 - CRITICAL - Failed to generate statement!: Extra data: line 1 column 5 (char 4)
2022-05-05 14:35:33,026 - CRITICAL - Failed to generate statement!: Extra data: line 1 column 5 (char 4)
2022-05-05 14:37:32,717 - CRITICAL - Failed to generate statement!: Extra data: line 1 column 5 (char 4)
2022-05-05 14:40:23,027 - CRITICAL - Failed to generate statement!: Extra data: line 1 column 5 (char 4)
2022-05-05 14:41:36,263 - CRITICAL - Failed to generate statement!: Extra data: line 1 column 5 (char 4)
2022-05-05 14:41:37,906 - CRITICAL - Failed to generate statement!: Extra data: line 1 column 5 (char 4)
2022-05-05 16:13:12,646 - CRITICAL - Failed to generate statement!: Extra data: line 1 column 5 (char 4)
2022-05-05 16:33:09,353 - CRITICAL - Failed to generate statement!: Extra data: line 1 column 5 (char 4)
2022-05-05 16:38:02,179 - CRITICAL - Failed to generate statement!: Extra data: line 1 column 5 (char 4)
2022-05-05 16:42:46,172 - CRITICAL - Failed to generate statement!: Extra data: line 1 column 5 (char 4)
2022-05-05 16:43:56,739 - CRITICAL - Failed to generate statement!: Extra data: line 1 column 5 (char 4)
2022-05-05 16:50:54,968 - CRITICAL - Failed Parsing Arguments!: list index out of range
2022-05-05 16:50:58,132 - CRITICAL - Failed to generate statement!: Extra data: line 1 column 5 (char 4)
2022-05-05 16:51:18,754 - CRITICAL - Failed to generate statement!: Extra data: line 1 column 5 (char 4)
2022-05-05 17:04:17,752 - CRITICAL - Failed to generate statement!: 'dict' object has no attribute 'write'
2022-05-05 17:05:05,732 - CRITICAL - Failed to generate statement!: 'dict' object has no attribute 'write'
2022-05-05 17:06:25,477 - CRITICAL - Failed Parsing Arguments!: Expecting value: line 2 column 3 (char 3)
2022-05-05 17:14:56,845 - CRITICAL - Failed to generate statement!: 'dict' object has no attribute 'write'
2022-05-05 17:16:44,798 - CRITICAL - Failed to generate statement!: 'Header' object has no attribute 'add'
2022-05-05 17:22:35,745 - CRITICAL - Failed to generate statement!: 'Header' object has no attribute 'add'
2022-05-05 17:25:58,383 - CRITICAL - Failed to generate statement!: __init__() missing 1 required positional argument: 'table'
2022-05-05 17:26:19,597 - CRITICAL - Failed to generate statement!: prov_name() takes 1 positional argument but 2 were given
2022-05-05 17:27:08,797 - CRITICAL - Failed to generate statement!: 'Header' object has no attribute 'tableadd'
2022-05-05 17:27:40,808 - CRITICAL - Failed to generate statement!: 'Header' object has no attribute 'tableno_borders'
2022-05-05 17:28:05,505 - CRITICAL - Failed to generate statement!: build_descrip_table() takes 7 positional arguments but 8 were given
2022-05-05 17:29:44,597 - CRITICAL - Failed to generate statement!: decoding to str: need a bytes-like object, int found
2022-05-05 17:33:42,569 - CRITICAL - Failed to generate statement!: decoding to str: need a bytes-like object, int found
2022-05-05 17:35:59,591 - CRITICAL - Failed to generate statement!: decoding to str: need a bytes-like object, int found
2022-05-05 17:45:38,068 - CRITICAL - Failed to generate statement!: decoding to str: need a bytes-like object, int found
2022-05-05 17:47:27,369 - CRITICAL - Failed to generate statement!: decoding to str: need a bytes-like object, int found
2022-05-05 17:48:08,537 - CRITICAL - Failed to generate statement!: 'str' object has no attribute 'to_bytes'
2022-05-05 17:50:08,289 - CRITICAL - Failed to generate statement!: 'str' object has no attribute 'to_bytes'
2022-05-05 17:50:44,093 - CRITICAL - Failed to generate statement!: decoding to str: need a bytes-like object, int found
2022-05-05 17:51:55,793 - CRITICAL - Failed to generate statement!: 'DescripTable' object has no attribute 'running'
2022-05-05 17:53:00,378 - CRITICAL - Failed to generate statement!: min() arg is an empty sequence
2022-05-05 17:56:21,202 - CRITICAL - Failed to generate statement!: [Errno 2] No such file or directory: '/app/public/invoices/bob @csslmao.pdf'
2022-05-05 17:57:09,496 - CRITICAL - Failed to generate statement!: [Errno 2] No such file or directory: '/public/invoices/bob @csslmao.pdf'
2022-05-05 18:06:23,777 - CRITICAL - Failed to generate statement!: min() arg is an empty sequence
2022-05-05 18:08:15,776 - CRITICAL - Failed to generate statement!: 'Document' object has no attribute 'append'
2022-05-05 18:14:12,145 - CRITICAL - Failed to generate statement!: build_descrip_table() takes 7 positional arguments but 8 were given
2022-05-05 18:16:00,824 - CRITICAL - Failed to generate statement!: min() arg is an empty sequence
2022-05-05 18:16:29,573 - CRITICAL - Failed to generate statement!: min() arg is an empty sequence
2022-05-05 18:16:42,503 - CRITICAL - Failed to generate statement!: min() arg is an empty sequence
2022-05-05 18:19:40,188 - CRITICAL - Failed to generate statement!: min() arg is an empty sequence
2022-05-05 18:20:46,153 - CRITICAL - Failed to generate statement!: list index out of range
2022-05-05 18:29:52,934 - CRITICAL - Failed to generate statement!: 'list' object has no attribute 'size'
2022-05-05 18:30:41,118 - CRITICAL - Failed to generate statement!: min() arg is an empty sequence
2022-05-05 18:32:16,920 - CRITICAL - Failed to generate statement!: min() arg is an empty sequence
2022-05-05 18:32:36,798 - CRITICAL - Failed to generate statement!: min() arg is an empty sequence
2022-05-05 18:32:53,669 - CRITICAL - Failed to generate statement!: min() arg is an empty sequence
2022-05-05 18:33:17,408 - CRITICAL - Failed to generate statement!: min() arg is an empty sequence
2022-05-05 18:33:45,079 - CRITICAL - Failed to generate statement!: min() arg is an empty sequence
2022-05-05 18:34:08,193 - CRITICAL - Failed to generate statement!: min() arg is an empty sequence
2022-05-05 18:34:56,533 - CRITICAL - Failed to generate statement!: min() arg is an empty sequence
2022-05-05 18:35:17,163 - CRITICAL - Failed to generate statement!: min() arg is an empty sequence
